<?xml version="1.0" encoding="UTF-8"?>
<robot generator="Robot 5.0.1 (Python 3.10.0 on linux)" generated="20220819 13:05:30.065" rpa="false" schemaversion="3">
<suite id="s1" name="RoboTron Paulo Conte Compass Projeto Final" source="/home/lalo/Repositorios_Compass/RoboTron_Paulo_Conte_Compass_Projeto_Final">
<suite id="s1-s1" name="Main" source="/home/lalo/Repositorios_Compass/RoboTron_Paulo_Conte_Compass_Projeto_Final/main.robot">
<test id="s1-s1-t1" name="Cenário: GET Listar Produtos 200" line="98">
<kw name="Criar Sessao" library="general_keywords">
<kw name="Create Session" library="RequestsLibrary">
<arg>serverest</arg>
<arg>${url}</arg>
<doc>Create Session: create a HTTP session to a server</doc>
<msg timestamp="20220819 13:05:30.201" level="INFO">Creating Session using : alias=serverest, url=http://localhost:3000, headers={},                     cookies={}, auth=None, timeout=None, proxies=None, verify=False,                     debug=0 </msg>
<status status="PASS" starttime="20220819 13:05:30.200" endtime="20220819 13:05:30.203"/>
</kw>
<status status="PASS" starttime="20220819 13:05:30.200" endtime="20220819 13:05:30.203"/>
</kw>
<kw name="GET On Session /Produtos" library="produtos_keywords">
<kw name="GET On Session" library="RequestsLibrary">
<var>${response}</var>
<arg>serverest</arg>
<arg>/produtos</arg>
<doc>Sends a GET request on a previously created HTTP Session.</doc>
<msg timestamp="20220819 13:05:30.220" level="INFO">GET Request : url=http://localhost:3000/produtos 
 path_url=/produtos 
 headers={'User-Agent': 'python-requests/2.28.1', 'Accept-Encoding': 'gzip, deflate', 'Accept': '*/*', 'Connection': 'keep-alive'} 
 body=None 
 </msg>
<msg timestamp="20220819 13:05:30.221" level="INFO">GET Response : url=http://localhost:3000/produtos 
 status=200, reason=OK 
 headers={'Access-Control-Allow-Origin': '*', 'x-dns-prefetch-control': 'off', 'x-frame-options': 'SAMEORIGIN', 'strict-transport-security': 'max-age=15552000; includeSubDomains', 'x-download-options': 'noopen', 'x-content-type-options': 'nosniff', 'x-xss-protection': '1; mode=block', 'x-moesif-transaction-id': 'cad9aa63-b026-4852-aafd-7f6f922d0431', 'Content-Type': 'application/json; charset=utf-8', 'Content-Length': '435', 'Date': 'Fri, 19 Aug 2022 16:05:30 GMT', 'Connection': 'keep-alive', 'Keep-Alive': 'timeout=5'} 
 body={
    "quantidade": 2,
    "produtos": [
        {
            "nome": "Logitech MX Vertical",
            "preco": 470,
            "descricao": "Mouse",
            "quantidade": 373,
            "_id": "BeeJh5lz3k6kSIzA"
        },
        {
            "nome": "Samsung 60 polegadas",
            "preco": 5240,
            "descricao": "TV",
            "quantidade": 49950,
            "_id": "K6leHdftCeOJj8BJ"
        }
    ]
} 
 </msg>
<msg timestamp="20220819 13:05:30.223" level="INFO">${response} = &lt;Response [200]&gt;</msg>
<status status="PASS" starttime="20220819 13:05:30.204" endtime="20220819 13:05:30.223"/>
</kw>
<kw name="Log To Console" library="BuiltIn">
<arg>Resposta: ${response.content}</arg>
<doc>Logs the given message to the console.</doc>
<status status="PASS" starttime="20220819 13:05:30.224" endtime="20220819 13:05:30.225"/>
</kw>
<kw name="Set Global Variable" library="BuiltIn">
<arg>${response}</arg>
<doc>Makes a variable available globally in all tests and suites.</doc>
<msg timestamp="20220819 13:05:30.226" level="INFO">${response} = &lt;Response [200]&gt;</msg>
<status status="PASS" starttime="20220819 13:05:30.225" endtime="20220819 13:05:30.227"/>
</kw>
<status status="PASS" starttime="20220819 13:05:30.204" endtime="20220819 13:05:30.227"/>
</kw>
<kw name="Validar Status Code &quot;200&quot;" library="general_keywords" sourcename="Validar Status Code &quot;${statuscode}&quot;">
<kw name="Should Be True" library="BuiltIn">
<arg>${response.status_code} == ${statuscode}</arg>
<doc>Fails if the given condition is not true.</doc>
<status status="PASS" starttime="20220819 13:05:30.228" endtime="20220819 13:05:30.230"/>
</kw>
<status status="PASS" starttime="20220819 13:05:30.227" endtime="20220819 13:05:30.230"/>
</kw>
<tag>LISTARPRODUTOS</tag>
<status status="PASS" starttime="20220819 13:05:30.198" endtime="20220819 13:05:30.230"/>
</test>
<doc>Arquivo simples para requisições HTTP em APIs REST</doc>
<status status="PASS" starttime="20220819 13:05:30.096" endtime="20220819 13:05:30.232"/>
</suite>
<status status="PASS" starttime="20220819 13:05:30.068" endtime="20220819 13:05:30.234"/>
</suite>
<statistics>
<total>
<stat pass="1" fail="0" skip="0">All Tests</stat>
</total>
<tag>
<stat pass="1" fail="0" skip="0">LISTARPRODUTOS</stat>
</tag>
<suite>
<stat pass="1" fail="0" skip="0" id="s1" name="RoboTron Paulo Conte Compass Projeto Final">RoboTron Paulo Conte Compass Projeto Final</stat>
<stat pass="1" fail="0" skip="0" id="s1-s1" name="Main">RoboTron Paulo Conte Compass Projeto Final.Main</stat>
</suite>
</statistics>
<errors>
</errors>
</robot>
