<?xml version="1.0" encoding="UTF-8"?>
<robot generator="Robot 5.0.1 (Python 3.10.0 on linux)" generated="20220817 00:18:53.187" rpa="false" schemaversion="3">
<suite id="s1" name="RoboTron Paulo Conte Compass Projeto Final" source="/home/lalo/Repositorios_Compass/RoboTron_Paulo_Conte_Compass_Projeto_Final">
<suite id="s1-s1" name="Main" source="/home/lalo/Repositorios_Compass/RoboTron_Paulo_Conte_Compass_Projeto_Final/main.robot">
<test id="s1-s1-t1" name="Cenário: DELETE Usuario por ID" line="61">
<kw name="Criar Sessao" library="general_keywords">
<kw name="Create Session" library="RequestsLibrary">
<arg>serverest</arg>
<arg>${url}</arg>
<doc>Create Session: create a HTTP session to a server</doc>
<msg timestamp="20220817 00:18:53.291" level="INFO">Creating Session using : alias=serverest, url=http://localhost:3000, headers={},                     cookies={}, auth=None, timeout=None, proxies=None, verify=False,                     debug=0 </msg>
<status status="PASS" starttime="20220817 00:18:53.290" endtime="20220817 00:18:53.292"/>
</kw>
<status status="PASS" starttime="20220817 00:18:53.289" endtime="20220817 00:18:53.292"/>
</kw>
<kw name="DELETE On Session /Usuarios" library="usuarios_keywords">
<kw name="Run Keyword If" library="BuiltIn">
<arg>${possui_carrinho} == False</arg>
<arg>DELETAR</arg>
<arg>ELSE</arg>
<arg>Skip</arg>
<arg>'Não é possível deletar usuario que possui carrinho'</arg>
<doc>Runs the given keyword with the given arguments, if ``condition`` is true.</doc>
<kw name="Skip" library="BuiltIn">
<arg>'Não é possível deletar usuario que possui carrinho'</arg>
<doc>Skips the rest of the current test.</doc>
<msg timestamp="20220817 00:18:53.295" level="SKIP">'Não é possível deletar usuario que possui carrinho'</msg>
<status status="SKIP" starttime="20220817 00:18:53.293" endtime="20220817 00:18:53.297"/>
</kw>
<status status="SKIP" starttime="20220817 00:18:53.293" endtime="20220817 00:18:53.297"/>
</kw>
<status status="SKIP" starttime="20220817 00:18:53.292" endtime="20220817 00:18:53.297"/>
</kw>
<tag>DELUSER</tag>
<status status="SKIP" starttime="20220817 00:18:53.288" endtime="20220817 00:18:53.298">'Não é possível deletar usuario que possui carrinho'</status>
</test>
<doc>Arquivo simples para requisições HTTP em APIs REST</doc>
<status status="SKIP" starttime="20220817 00:18:53.212" endtime="20220817 00:18:53.299"/>
</suite>
<status status="SKIP" starttime="20220817 00:18:53.190" endtime="20220817 00:18:53.300"/>
</suite>
<statistics>
<total>
<stat pass="0" fail="0" skip="1">All Tests</stat>
</total>
<tag>
<stat pass="0" fail="0" skip="1">DELUSER</stat>
</tag>
<suite>
<stat pass="0" fail="0" skip="1" id="s1" name="RoboTron Paulo Conte Compass Projeto Final">RoboTron Paulo Conte Compass Projeto Final</stat>
<stat pass="0" fail="0" skip="1" id="s1-s1" name="Main">RoboTron Paulo Conte Compass Projeto Final.Main</stat>
</suite>
</statistics>
<errors>
</errors>
</robot>
